0 info it worked if it ends with ok
1 verbose cli [ 'node', '/usr/local/bin/npm', 'start', '--', '-w' ]
2 info using npm@2.3.0
3 info using node@v0.10.36
4 verbose node symlink /usr/local/bin/node
5 verbose run-script [ 'prestart', 'start', 'poststart' ]
6 info prestart Github-Note-Taker@1.0.0
7 info start Github-Note-Taker@1.0.0
8 verbose unsafe-perm in lifecycle true
9 info Github-Note-Taker@1.0.0 Failed to exec start script
10 verbose stack Error: Github-Note-Taker@1.0.0 start: `webpack-dev-server --inline --content-base public -w`
10 verbose stack Exit status 8
10 verbose stack     at EventEmitter.<anonymous> (/usr/local/lib/node_modules/npm/lib/utils/lifecycle.js:213:16)
10 verbose stack     at EventEmitter.emit (events.js:98:17)
10 verbose stack     at ChildProcess.<anonymous> (/usr/local/lib/node_modules/npm/lib/utils/spawn.js:14:12)
10 verbose stack     at ChildProcess.emit (events.js:98:17)
10 verbose stack     at maybeClose (child_process.js:766:16)
10 verbose stack     at Process.ChildProcess._handle.onexit (child_process.js:833:5)
11 verbose pkgid Github-Note-Taker@1.0.0
12 verbose cwd /Users/employee/projects/jehoshua02/reactweek/projects/github-notetaker
13 error Darwin 14.0.0
14 error argv "node" "/usr/local/bin/npm" "start" "--" "-w"
15 error node v0.10.36
16 error npm  v2.3.0
17 error code ELIFECYCLE
18 error Github-Note-Taker@1.0.0 start: `webpack-dev-server --inline --content-base public -w`
18 error Exit status 8
19 error Failed at the Github-Note-Taker@1.0.0 start script 'webpack-dev-server --inline --content-base public -w'.
19 error This is most likely a problem with the Github-Note-Taker package,
19 error not with npm itself.
19 error Tell the author that this fails on your system:
19 error     webpack-dev-server --inline --content-base public -w
19 error You can get their info via:
19 error     npm owner ls Github-Note-Taker
19 error There is likely additional logging output above.
20 verbose exit [ 1, true ]
